[36mvite v7.3.0 [32mbuilding client environment for production...[36m[39m
transforming...
[32mΓ£ô[39m 3213 modules transformed.
rendering chunks...
computing gzip size...
[2m../dist/public/[22m[32mindex.html                 [39m[1m[2m    2.05 kB[22m[1m[22m[2m Γöé gzip:   0.77 kB[22m
[2m../dist/public/[22m[35massets/index-B87t2ery.css  [39m[1m[2m  176.77 kB[22m[1m[22m[2m Γöé gzip:  27.03 kB[22m
[2m../dist/public/[22m[36massets/index-BksAAyu8.js   [39m[1m[33m1,295.38 kB[39m[22m[2m Γöé gzip: 375.07 kB[22m
node.exe : [33m
At C:\Program Files\nod
ejs\npx.ps1:29 char:3
+   & $NODE_EXE 
$NPX_CLI_JS $args
+   ~~~~~~~~~~~~~~~~~~~
~~~~~~~~~~
    + CategoryInfo     
         : NotSpecifi  
  ed: ([33m:String)   
  [], RemoteExcepti    
on
    + FullyQualifiedEr 
   rorId : NativeComm  
  andError
 
(!) Some chunks are 
larger than 500 kB 
after minification. 
Consider:
- Using dynamic 
import() to code-split 
the application
- Use build.rollupOptio
ns.output.manualChunks 
to improve chunking: ht
tps://rollupjs.org/conf
iguration-options/#outp
ut-manualchunks
- Adjust chunk size 
limit for this warning 
via build.chunkSizeWarn
ingLimit.[39m
[32mΓ£ô built in 16.06s[39m
